elbread.dll ver. 1.0.5.325 Sat Dec 14 18:28:25 2024


-----------------------------------------------
Entity                | Architecture | Library
-----------------------------------------------
ls                    | ls           | bancoLS2
memoria_de_datos      | behavioral   | bancols2
banco_de_registros    | behavioral   | bancols2
alu                   | behavior     | bancols2
unidad_de_control     | behavior     | bancols2
suma4                 | behavioral   | bancols2
sign_extend           | behavioral   | bancols2
mux_reg               | behavior     | bancols2
mux_rd                | behavior     | bancols2
mux_extend            | behavior     | bancols2
memoria_del_programa  | behavioral   | bancols2
decoder               | behavior     | bancols2
-----------------------------------------------

-----------------------------
Package             | Library
-----------------------------
standard            | std
std_logic_1164      | ieee
numeric_std         | ieee
std_logic_arith     | ieee
std_logic_unsigned  | ieee
-----------------------------
