elbread.dll ver. 1.0.5.325 Fri Nov 29 16:12:00 2024


--------------------------------------------
Entity           | Architecture | Library 
--------------------------------------------
top              | top          | banco_comp
instruccion      | behavior     | banco_comp
control          | behavior     | banco_comp
banco_registros  | behavioral   | banco_comp
alu              | behavior     | banco_comp
demux            | behavior     | banco_comp
extensor_signo   | behavioral   | banco_comp
--------------------------------------------

-----------------------------
Package             | Library
-----------------------------
standard            | std
std_logic_1164      | ieee
std_logic_arith     | ieee
std_logic_unsigned  | ieee
numeric_std         | ieee
-----------------------------
