elbread.dll ver. 1.0.5.325 Sun Jan 12 03:08:49 2025


-----------------------------------------------
Entity                | Architecture | Library
-----------------------------------------------
ls                    | ls           | Sabado_b
suma4                 | behavioral   | sabado_b
sign_extend           | behavioral   | sabado_b
memoria_de_datos      | behavioral   | sabado_b
memoria_del_programa  | behavioral   | sabado_b
decoder               | behavior     | sabado_b
banco_de_registros    | behavioral   | sabado_b
unidad_de_control     | behavior     | sabado_b
mux_rd                | behavior     | sabado_b
mux_reg               | behavior     | sabado_b
alu                   | behavior     | sabado_b
mux_extend            | behavior     | sabado_b
-----------------------------------------------

-----------------------------
Package             | Library
-----------------------------
standard            | std
std_logic_1164      | ieee
numeric_std         | ieee
std_logic_arith     | ieee
std_logic_unsigned  | ieee
-----------------------------
