asim -advdataflow  -retry 3  ls ls
# ELBREAD: Elaboration process.
# ELBREAD: Elaboration time 0.1 [s].
# asim: Stack memory: 32MB
# asim: Retval memory: 32MB
acom $DSN/src/memoria_de_programa.vhd
# Compile...
# File: c:\Users\Mario\Documents\arquitectura_computadoras\bancols_v1\domingo\src\memoria_de_programa.vhd
# Compile Entity "memoria_del_programa"
# Entity `memoria_del_programa' has been skipped - no difference detected.
# Compile Architecture "Behavioral" of Entity "memoria_del_programa"
# Compile success 0 Errors 0 Warnings  Analysis time :  0.6 [s]
# ELBREAD: Elaboration process.
# ELBREAD: Elaboration time 0.0 [s].
# KERNEL: Main thread initiated.
# KERNEL: Kernel process initialization phase.
# KERNEL: Time resolution set to 1ps.
# ELAB2: Elaboration final pass...
# ELAB2: Create instances ...
# ELAB2: Create instances complete.
# ELAB2: Elaboration final pass complete - time: 0.1 [s].
# KERNEL: Kernel process initialization done.
# Allocation: Simulator allocated 1573 kB (elbread=1071 elab2=425 kernel=77 sdf=0)
# 12:18 p. m., jueves, 9 de enero de 2025
# Simulation has been initialized
# Selected Top-Level: ls (ls)
run @200ns
# : WARNING: CONV_INTEGER: There is an 'U'|'X'|'W'|'Z'|'-' in an arithmetic operand, and it has been converted to 0.
# : Time: 0 ps,  Iteration: 0,  Instance: /U2.
# : WARNING: CONV_INTEGER: There is an 'U'|'X'|'W'|'Z'|'-' in an arithmetic operand, and it has been converted to 0.
# : Time: 0 ps,  Iteration: 0,  Instance: /U2.
# : WARNING: CONV_INTEGER: There is an 'U'|'X'|'W'|'Z'|'-' in an arithmetic operand, and it has been converted to 0.
# : Time: 0 ps,  Iteration: 0,  Instance: /U2.
# : WARNING: CONV_INTEGER: There is an 'U'|'X'|'W'|'Z'|'-' in an arithmetic operand, and it has been converted to 0.
# : Time: 0 ps,  Iteration: 0,  Instance: /U2.
# : WARNING: CONV_INTEGER: There is an 'U'|'X'|'W'|'Z'|'-' in an arithmetic operand, and it has been converted to 0.
# : Time: 0 ps,  Iteration: 0,  Instance: /U2.
# : WARNING: CONV_INTEGER: There is an 'U'|'X'|'W'|'Z'|'-' in an arithmetic operand, and it has been converted to 0.
# : Time: 0 ps,  Iteration: 0,  Instance: /U2.
# : WARNING: CONV_INTEGER: There is an 'U'|'X'|'W'|'Z'|'-' in an arithmetic operand, and it has been converted to 0.
# : Time: 0 ps,  Iteration: 0,  Instance: /U4.
# : WARNING: CONV_INTEGER: There is an 'U'|'X'|'W'|'Z'|'-' in an arithmetic operand, and it has been converted to 0.
# : Time: 0 ps,  Iteration: 0,  Instance: /U4.
# : WARNING: CONV_INTEGER: There is an 'U'|'X'|'W'|'Z'|'-' in an arithmetic operand, and it has been converted to 0.
# : Time: 0 ps,  Iteration: 0,  Instance: /U4.
# : WARNING: CONV_INTEGER: There is an 'U'|'X'|'W'|'Z'|'-' in an arithmetic operand, and it has been converted to 0.
# : Time: 0 ps,  Iteration: 0,  Instance: /U4.
# : WARNING: CONV_INTEGER: There is an 'U'|'X'|'W'|'Z'|'-' in an arithmetic operand, and it has been converted to 0.
# : Time: 0 ps,  Iteration: 0,  Instance: /U4.
# : WARNING: CONV_INTEGER: There is an 'U'|'X'|'W'|'Z'|'-' in an arithmetic operand, and it has been converted to 0.
# : Time: 0 ps,  Iteration: 0,  Instance: /U4.
# : WARNING: CONV_INTEGER: There is an 'U'|'X'|'W'|'Z'|'-' in an arithmetic operand, and it has been converted to 0.
# : Time: 0 ps,  Iteration: 0,  Instance: /U4.
# : WARNING: CONV_INTEGER: There is an 'U'|'X'|'W'|'Z'|'-' in an arithmetic operand, and it has been converted to 0.
# : Time: 0 ps,  Iteration: 0,  Instance: /U4.
# : WARNING: CONV_INTEGER: There is an 'U'|'X'|'W'|'Z'|'-' in an arithmetic operand, and it has been converted to 0.
# : Time: 0 ps,  Iteration: 0,  Instance: /U4.
# : WARNING: CONV_INTEGER: There is an 'U'|'X'|'W'|'Z'|'-' in an arithmetic operand, and it has been converted to 0.
# : Time: 0 ps,  Iteration: 0,  Instance: /U4.
# KERNEL: stopped at time: 200 ns
# KERNEL: Simulation has finished. There are no more test vectors to simulate.
run @400ns
# KERNEL: stopped at time: 400 ns
# KERNEL: Simulation has finished. There are no more test vectors to simulate.
run @600ns
# KERNEL: stopped at time: 600 ns
# KERNEL: Simulation has finished. There are no more test vectors to simulate.
run @800ns
# KERNEL: stopped at time: 800 ns
# KERNEL: Simulation has finished. There are no more test vectors to simulate.
restart
# ELBREAD: Elaboration process.
# ELBREAD: Elaboration time 0.0 [s].
# KERNEL: Main thread initiated.
# KERNEL: Kernel process initialization phase.
# KERNEL: Time resolution set to 1ps.
# ELAB2: Elaboration final pass...
# ELAB2: Create instances ...
# ELAB2: Create instances complete.
# ELAB2: Elaboration final pass complete - time: 0.0 [s].
# KERNEL: Kernel process initialization done.
# Allocation: Simulator allocated 1573 kB (elbread=1071 elab2=425 kernel=77 sdf=0)
# 12:19 p. m., jueves, 9 de enero de 2025
# Simulation has been initialized
# Selected Top-Level: ls (ls)
restart
# ELBREAD: Elaboration process.
# ELBREAD: Elaboration time 0.0 [s].
# KERNEL: Main thread initiated.
# KERNEL: Kernel process initialization phase.
# KERNEL: Time resolution set to 1ps.
# ELAB2: Elaboration final pass...
# ELAB2: Create instances ...
# ELAB2: Create instances complete.
# ELAB2: Elaboration final pass complete - time: 0.0 [s].
# KERNEL: Kernel process initialization done.
# Allocation: Simulator allocated 1573 kB (elbread=1071 elab2=425 kernel=77 sdf=0)
# 12:21 p. m., jueves, 9 de enero de 2025
# Simulation has been initialized
# Selected Top-Level: ls (ls)
run @200ns
# : WARNING: CONV_INTEGER: There is an 'U'|'X'|'W'|'Z'|'-' in an arithmetic operand, and it has been converted to 0.
# : Time: 0 ps,  Iteration: 0,  Instance: /U2.
# : WARNING: CONV_INTEGER: There is an 'U'|'X'|'W'|'Z'|'-' in an arithmetic operand, and it has been converted to 0.
# : Time: 0 ps,  Iteration: 0,  Instance: /U2.
# : WARNING: CONV_INTEGER: There is an 'U'|'X'|'W'|'Z'|'-' in an arithmetic operand, and it has been converted to 0.
# : Time: 0 ps,  Iteration: 0,  Instance: /U2.
# : WARNING: CONV_INTEGER: There is an 'U'|'X'|'W'|'Z'|'-' in an arithmetic operand, and it has been converted to 0.
# : Time: 0 ps,  Iteration: 0,  Instance: /U2.
# : WARNING: CONV_INTEGER: There is an 'U'|'X'|'W'|'Z'|'-' in an arithmetic operand, and it has been converted to 0.
# : Time: 0 ps,  Iteration: 0,  Instance: /U2.
# : WARNING: CONV_INTEGER: There is an 'U'|'X'|'W'|'Z'|'-' in an arithmetic operand, and it has been converted to 0.
# : Time: 0 ps,  Iteration: 0,  Instance: /U2.
# : WARNING: CONV_INTEGER: There is an 'U'|'X'|'W'|'Z'|'-' in an arithmetic operand, and it has been converted to 0.
# : Time: 0 ps,  Iteration: 0,  Instance: /U4.
# : WARNING: CONV_INTEGER: There is an 'U'|'X'|'W'|'Z'|'-' in an arithmetic operand, and it has been converted to 0.
# : Time: 0 ps,  Iteration: 0,  Instance: /U4.
# : WARNING: CONV_INTEGER: There is an 'U'|'X'|'W'|'Z'|'-' in an arithmetic operand, and it has been converted to 0.
# : Time: 0 ps,  Iteration: 0,  Instance: /U4.
# : WARNING: CONV_INTEGER: There is an 'U'|'X'|'W'|'Z'|'-' in an arithmetic operand, and it has been converted to 0.
# : Time: 0 ps,  Iteration: 0,  Instance: /U4.
# : WARNING: CONV_INTEGER: There is an 'U'|'X'|'W'|'Z'|'-' in an arithmetic operand, and it has been converted to 0.
# : Time: 0 ps,  Iteration: 0,  Instance: /U4.
# : WARNING: CONV_INTEGER: There is an 'U'|'X'|'W'|'Z'|'-' in an arithmetic operand, and it has been converted to 0.
# : Time: 0 ps,  Iteration: 0,  Instance: /U4.
# : WARNING: CONV_INTEGER: There is an 'U'|'X'|'W'|'Z'|'-' in an arithmetic operand, and it has been converted to 0.
# : Time: 0 ps,  Iteration: 0,  Instance: /U4.
# : WARNING: CONV_INTEGER: There is an 'U'|'X'|'W'|'Z'|'-' in an arithmetic operand, and it has been converted to 0.
# : Time: 0 ps,  Iteration: 0,  Instance: /U4.
# : WARNING: CONV_INTEGER: There is an 'U'|'X'|'W'|'Z'|'-' in an arithmetic operand, and it has been converted to 0.
# : Time: 0 ps,  Iteration: 0,  Instance: /U4.
# : WARNING: CONV_INTEGER: There is an 'U'|'X'|'W'|'Z'|'-' in an arithmetic operand, and it has been converted to 0.
# : Time: 0 ps,  Iteration: 0,  Instance: /U4.
# KERNEL: stopped at time: 200 ns
# KERNEL: Simulation has finished. There are no more test vectors to simulate.
run @400ns
# KERNEL: stopped at time: 400 ns
# KERNEL: Simulation has finished. There are no more test vectors to simulate.
restart
# ELBREAD: Elaboration process.
# ELBREAD: Elaboration time 0.0 [s].
# KERNEL: Main thread initiated.
# KERNEL: Kernel process initialization phase.
# KERNEL: Time resolution set to 1ps.
# ELAB2: Elaboration final pass...
# ELAB2: Create instances ...
# ELAB2: Create instances complete.
# ELAB2: Elaboration final pass complete - time: 0.0 [s].
# KERNEL: Kernel process initialization done.
# Allocation: Simulator allocated 1573 kB (elbread=1071 elab2=425 kernel=77 sdf=0)
# 12:21 p. m., jueves, 9 de enero de 2025
# Simulation has been initialized
# Selected Top-Level: ls (ls)
run @200ns
# : WARNING: CONV_INTEGER: There is an 'U'|'X'|'W'|'Z'|'-' in an arithmetic operand, and it has been converted to 0.
# : Time: 0 ps,  Iteration: 0,  Instance: /U2.
# : WARNING: CONV_INTEGER: There is an 'U'|'X'|'W'|'Z'|'-' in an arithmetic operand, and it has been converted to 0.
# : Time: 0 ps,  Iteration: 0,  Instance: /U2.
# : WARNING: CONV_INTEGER: There is an 'U'|'X'|'W'|'Z'|'-' in an arithmetic operand, and it has been converted to 0.
# : Time: 0 ps,  Iteration: 0,  Instance: /U2.
# : WARNING: CONV_INTEGER: There is an 'U'|'X'|'W'|'Z'|'-' in an arithmetic operand, and it has been converted to 0.
# : Time: 0 ps,  Iteration: 0,  Instance: /U2.
# : WARNING: CONV_INTEGER: There is an 'U'|'X'|'W'|'Z'|'-' in an arithmetic operand, and it has been converted to 0.
# : Time: 0 ps,  Iteration: 0,  Instance: /U2.
# : WARNING: CONV_INTEGER: There is an 'U'|'X'|'W'|'Z'|'-' in an arithmetic operand, and it has been converted to 0.
# : Time: 0 ps,  Iteration: 0,  Instance: /U2.
# : WARNING: CONV_INTEGER: There is an 'U'|'X'|'W'|'Z'|'-' in an arithmetic operand, and it has been converted to 0.
# : Time: 0 ps,  Iteration: 0,  Instance: /U4.
# : WARNING: CONV_INTEGER: There is an 'U'|'X'|'W'|'Z'|'-' in an arithmetic operand, and it has been converted to 0.
# : Time: 0 ps,  Iteration: 0,  Instance: /U4.
# : WARNING: CONV_INTEGER: There is an 'U'|'X'|'W'|'Z'|'-' in an arithmetic operand, and it has been converted to 0.
# : Time: 0 ps,  Iteration: 0,  Instance: /U4.
# : WARNING: CONV_INTEGER: There is an 'U'|'X'|'W'|'Z'|'-' in an arithmetic operand, and it has been converted to 0.
# : Time: 0 ps,  Iteration: 0,  Instance: /U4.
# : WARNING: CONV_INTEGER: There is an 'U'|'X'|'W'|'Z'|'-' in an arithmetic operand, and it has been converted to 0.
# : Time: 0 ps,  Iteration: 0,  Instance: /U4.
# : WARNING: CONV_INTEGER: There is an 'U'|'X'|'W'|'Z'|'-' in an arithmetic operand, and it has been converted to 0.
# : Time: 0 ps,  Iteration: 0,  Instance: /U4.
# : WARNING: CONV_INTEGER: There is an 'U'|'X'|'W'|'Z'|'-' in an arithmetic operand, and it has been converted to 0.
# : Time: 0 ps,  Iteration: 0,  Instance: /U4.
# : WARNING: CONV_INTEGER: There is an 'U'|'X'|'W'|'Z'|'-' in an arithmetic operand, and it has been converted to 0.
# : Time: 0 ps,  Iteration: 0,  Instance: /U4.
# : WARNING: CONV_INTEGER: There is an 'U'|'X'|'W'|'Z'|'-' in an arithmetic operand, and it has been converted to 0.
# : Time: 0 ps,  Iteration: 0,  Instance: /U4.
# : WARNING: CONV_INTEGER: There is an 'U'|'X'|'W'|'Z'|'-' in an arithmetic operand, and it has been converted to 0.
# : Time: 0 ps,  Iteration: 0,  Instance: /U4.
# KERNEL: stopped at time: 200 ns
# KERNEL: Simulation has finished. There are no more test vectors to simulate.
run @400ns
# KERNEL: stopped at time: 400 ns
# KERNEL: Simulation has finished. There are no more test vectors to simulate.
run @600ns
# KERNEL: stopped at time: 600 ns
# KERNEL: Simulation has finished. There are no more test vectors to simulate.
run @800ns
# KERNEL: stopped at time: 800 ns
# KERNEL: Simulation has finished. There are no more test vectors to simulate.
run @1us
# KERNEL: stopped at time: 1 us
# KERNEL: Simulation has finished. There are no more test vectors to simulate.
restart
# ELBREAD: Elaboration process.
# ELBREAD: Elaboration time 0.0 [s].
# KERNEL: Main thread initiated.
# KERNEL: Kernel process initialization phase.
# KERNEL: Time resolution set to 1ps.
# ELAB2: Elaboration final pass...
# ELAB2: Create instances ...
# ELAB2: Create instances complete.
# ELAB2: Elaboration final pass complete - time: 0.0 [s].
# KERNEL: Kernel process initialization done.
# Allocation: Simulator allocated 1573 kB (elbread=1071 elab2=425 kernel=77 sdf=0)
# 12:21 p. m., jueves, 9 de enero de 2025
# Simulation has been initialized
# Selected Top-Level: ls (ls)
run @200ns
# : WARNING: CONV_INTEGER: There is an 'U'|'X'|'W'|'Z'|'-' in an arithmetic operand, and it has been converted to 0.
# : Time: 0 ps,  Iteration: 0,  Instance: /U2.
# : WARNING: CONV_INTEGER: There is an 'U'|'X'|'W'|'Z'|'-' in an arithmetic operand, and it has been converted to 0.
# : Time: 0 ps,  Iteration: 0,  Instance: /U2.
# : WARNING: CONV_INTEGER: There is an 'U'|'X'|'W'|'Z'|'-' in an arithmetic operand, and it has been converted to 0.
# : Time: 0 ps,  Iteration: 0,  Instance: /U2.
# : WARNING: CONV_INTEGER: There is an 'U'|'X'|'W'|'Z'|'-' in an arithmetic operand, and it has been converted to 0.
# : Time: 0 ps,  Iteration: 0,  Instance: /U2.
# : WARNING: CONV_INTEGER: There is an 'U'|'X'|'W'|'Z'|'-' in an arithmetic operand, and it has been converted to 0.
# : Time: 0 ps,  Iteration: 0,  Instance: /U2.
# : WARNING: CONV_INTEGER: There is an 'U'|'X'|'W'|'Z'|'-' in an arithmetic operand, and it has been converted to 0.
# : Time: 0 ps,  Iteration: 0,  Instance: /U2.
# : WARNING: CONV_INTEGER: There is an 'U'|'X'|'W'|'Z'|'-' in an arithmetic operand, and it has been converted to 0.
# : Time: 0 ps,  Iteration: 0,  Instance: /U4.
# : WARNING: CONV_INTEGER: There is an 'U'|'X'|'W'|'Z'|'-' in an arithmetic operand, and it has been converted to 0.
# : Time: 0 ps,  Iteration: 0,  Instance: /U4.
# : WARNING: CONV_INTEGER: There is an 'U'|'X'|'W'|'Z'|'-' in an arithmetic operand, and it has been converted to 0.
# : Time: 0 ps,  Iteration: 0,  Instance: /U4.
# : WARNING: CONV_INTEGER: There is an 'U'|'X'|'W'|'Z'|'-' in an arithmetic operand, and it has been converted to 0.
# : Time: 0 ps,  Iteration: 0,  Instance: /U4.
# : WARNING: CONV_INTEGER: There is an 'U'|'X'|'W'|'Z'|'-' in an arithmetic operand, and it has been converted to 0.
# : Time: 0 ps,  Iteration: 0,  Instance: /U4.
# : WARNING: CONV_INTEGER: There is an 'U'|'X'|'W'|'Z'|'-' in an arithmetic operand, and it has been converted to 0.
# : Time: 0 ps,  Iteration: 0,  Instance: /U4.
# : WARNING: CONV_INTEGER: There is an 'U'|'X'|'W'|'Z'|'-' in an arithmetic operand, and it has been converted to 0.
# : Time: 0 ps,  Iteration: 0,  Instance: /U4.
# : WARNING: CONV_INTEGER: There is an 'U'|'X'|'W'|'Z'|'-' in an arithmetic operand, and it has been converted to 0.
# : Time: 0 ps,  Iteration: 0,  Instance: /U4.
# : WARNING: CONV_INTEGER: There is an 'U'|'X'|'W'|'Z'|'-' in an arithmetic operand, and it has been converted to 0.
# : Time: 0 ps,  Iteration: 0,  Instance: /U4.
# : WARNING: CONV_INTEGER: There is an 'U'|'X'|'W'|'Z'|'-' in an arithmetic operand, and it has been converted to 0.
# : Time: 0 ps,  Iteration: 0,  Instance: /U4.
# KERNEL: stopped at time: 200 ns
# KERNEL: Simulation has finished. There are no more test vectors to simulate.
run @400ns
# KERNEL: stopped at time: 400 ns
# KERNEL: Simulation has finished. There are no more test vectors to simulate.
restart
# ELBREAD: Elaboration process.
# ELBREAD: Elaboration time 0.0 [s].
# KERNEL: Main thread initiated.
# KERNEL: Kernel process initialization phase.
# KERNEL: Time resolution set to 1ps.
# ELAB2: Elaboration final pass...
# ELAB2: Create instances ...
# ELAB2: Create instances complete.
# ELAB2: Elaboration final pass complete - time: 0.0 [s].
# KERNEL: Kernel process initialization done.
# Allocation: Simulator allocated 1573 kB (elbread=1071 elab2=425 kernel=77 sdf=0)
# 12:30 p. m., jueves, 9 de enero de 2025
# Simulation has been initialized
# Selected Top-Level: ls (ls)
restart
# ELBREAD: Elaboration process.
# ELBREAD: Elaboration time 0.0 [s].
# KERNEL: Main thread initiated.
# KERNEL: Kernel process initialization phase.
# KERNEL: Time resolution set to 1ps.
# ELAB2: Elaboration final pass...
# ELAB2: Create instances ...
# ELAB2: Create instances complete.
# ELAB2: Elaboration final pass complete - time: 0.0 [s].
# KERNEL: Kernel process initialization done.
# Allocation: Simulator allocated 1573 kB (elbread=1071 elab2=425 kernel=77 sdf=0)
# 12:30 p. m., jueves, 9 de enero de 2025
# Simulation has been initialized
# Selected Top-Level: ls (ls)
run @200ns
# Simulation has been stopped
acom $DSN/src/Sign_Extend.vhd
# Compile...
# File: c:\Users\Mario\Documents\arquitectura_computadoras\bancols_v1\domingo\src\Sign_Extend.vhd
# Compile Entity "Sign_Extend"
# Entity `Sign_Extend' has been skipped - no difference detected.
# Compile Architecture "Behavioral" of Entity "Sign_Extend"
# Compile success 0 Errors 0 Warnings  Analysis time :  0.0 [s]
asim -advdataflow  -retry 3  ls ls
# ELBREAD: Elaboration process.
# ELBREAD: Elaboration time 0.0 [s].
# asim: Stack memory: 32MB
# asim: Retval memory: 32MB
# KERNEL: Main thread initiated.
# KERNEL: Kernel process initialization phase.
# KERNEL: Time resolution set to 1ps.
# ELAB2: Elaboration final pass...
# ELAB2: Create instances ...
# ELAB2: Create instances complete.
# ELAB2: Elaboration final pass complete - time: 0.0 [s].
# KERNEL: Kernel process initialization done.
# Allocation: Simulator allocated 1573 kB (elbread=1071 elab2=425 kernel=77 sdf=0)
# 12:30 p. m., jueves, 9 de enero de 2025
# Simulation has been initialized
# Selected Top-Level: ls (ls)
run @200ns
# : WARNING: CONV_INTEGER: There is an 'U'|'X'|'W'|'Z'|'-' in an arithmetic operand, and it has been converted to 0.
# : Time: 0 ps,  Iteration: 0,  Instance: /U2.
# : WARNING: CONV_INTEGER: There is an 'U'|'X'|'W'|'Z'|'-' in an arithmetic operand, and it has been converted to 0.
# : Time: 0 ps,  Iteration: 0,  Instance: /U2.
# : WARNING: CONV_INTEGER: There is an 'U'|'X'|'W'|'Z'|'-' in an arithmetic operand, and it has been converted to 0.
# : Time: 0 ps,  Iteration: 0,  Instance: /U2.
# : WARNING: CONV_INTEGER: There is an 'U'|'X'|'W'|'Z'|'-' in an arithmetic operand, and it has been converted to 0.
# : Time: 0 ps,  Iteration: 0,  Instance: /U2.
# : WARNING: CONV_INTEGER: There is an 'U'|'X'|'W'|'Z'|'-' in an arithmetic operand, and it has been converted to 0.
# : Time: 0 ps,  Iteration: 0,  Instance: /U2.
# : WARNING: CONV_INTEGER: There is an 'U'|'X'|'W'|'Z'|'-' in an arithmetic operand, and it has been converted to 0.
# : Time: 0 ps,  Iteration: 0,  Instance: /U2.
# : WARNING: CONV_INTEGER: There is an 'U'|'X'|'W'|'Z'|'-' in an arithmetic operand, and it has been converted to 0.
# : Time: 0 ps,  Iteration: 0,  Instance: /U4.
# : WARNING: CONV_INTEGER: There is an 'U'|'X'|'W'|'Z'|'-' in an arithmetic operand, and it has been converted to 0.
# : Time: 0 ps,  Iteration: 0,  Instance: /U4.
# : WARNING: CONV_INTEGER: There is an 'U'|'X'|'W'|'Z'|'-' in an arithmetic operand, and it has been converted to 0.
# : Time: 0 ps,  Iteration: 0,  Instance: /U4.
# : WARNING: CONV_INTEGER: There is an 'U'|'X'|'W'|'Z'|'-' in an arithmetic operand, and it has been converted to 0.
# : Time: 0 ps,  Iteration: 0,  Instance: /U4.
# : WARNING: CONV_INTEGER: There is an 'U'|'X'|'W'|'Z'|'-' in an arithmetic operand, and it has been converted to 0.
# : Time: 0 ps,  Iteration: 0,  Instance: /U4.
# : WARNING: CONV_INTEGER: There is an 'U'|'X'|'W'|'Z'|'-' in an arithmetic operand, and it has been converted to 0.
# : Time: 0 ps,  Iteration: 0,  Instance: /U4.
# : WARNING: CONV_INTEGER: There is an 'U'|'X'|'W'|'Z'|'-' in an arithmetic operand, and it has been converted to 0.
# : Time: 0 ps,  Iteration: 0,  Instance: /U4.
# : WARNING: CONV_INTEGER: There is an 'U'|'X'|'W'|'Z'|'-' in an arithmetic operand, and it has been converted to 0.
# : Time: 0 ps,  Iteration: 0,  Instance: /U4.
# : WARNING: CONV_INTEGER: There is an 'U'|'X'|'W'|'Z'|'-' in an arithmetic operand, and it has been converted to 0.
# : Time: 0 ps,  Iteration: 0,  Instance: /U4.
# : WARNING: CONV_INTEGER: There is an 'U'|'X'|'W'|'Z'|'-' in an arithmetic operand, and it has been converted to 0.
# : Time: 0 ps,  Iteration: 0,  Instance: /U4.
# KERNEL: stopped at time: 200 ns
# KERNEL: Simulation has finished. There are no more test vectors to simulate.
run @400ns
# KERNEL: stopped at time: 400 ns
# KERNEL: Simulation has finished. There are no more test vectors to simulate.
run @600ns
# KERNEL: stopped at time: 600 ns
# KERNEL: Simulation has finished. There are no more test vectors to simulate.
restart
# ELBREAD: Elaboration process.
# ELBREAD: Elaboration time 0.0 [s].
# KERNEL: Main thread initiated.
# KERNEL: Kernel process initialization phase.
# KERNEL: Time resolution set to 1ps.
# ELAB2: Elaboration final pass...
# ELAB2: Create instances ...
# ELAB2: Create instances complete.
# ELAB2: Elaboration final pass complete - time: 0.0 [s].
# KERNEL: Kernel process initialization done.
# Allocation: Simulator allocated 1573 kB (elbread=1071 elab2=425 kernel=77 sdf=0)
# 12:33 p. m., jueves, 9 de enero de 2025
# Simulation has been initialized
# Selected Top-Level: ls (ls)
run @200ns
# Simulation has been stopped
acom $DSN/src/Sign_Extend.vhd
# Compile...
# File: c:\Users\Mario\Documents\arquitectura_computadoras\bancols_v1\domingo\src\Sign_Extend.vhd
# Compile Entity "Sign_Extend"
# Entity `Sign_Extend' has been skipped - no difference detected.
# Compile Architecture "Behavioral" of Entity "Sign_Extend"
# Compile success 0 Errors 0 Warnings  Analysis time :  0.0 [s]
asim -advdataflow  -retry 3  ls ls
# ELBREAD: Elaboration process.
# ELBREAD: Elaboration time 0.0 [s].
# asim: Stack memory: 32MB
# asim: Retval memory: 32MB
# KERNEL: Main thread initiated.
# KERNEL: Kernel process initialization phase.
# KERNEL: Time resolution set to 1ps.
# ELAB2: Elaboration final pass...
# ELAB2: Create instances ...
# ELAB2: Create instances complete.
# ELAB2: Elaboration final pass complete - time: 0.0 [s].
# KERNEL: Kernel process initialization done.
# Allocation: Simulator allocated 1573 kB (elbread=1071 elab2=425 kernel=77 sdf=0)
# 12:33 p. m., jueves, 9 de enero de 2025
# Simulation has been initialized
# Selected Top-Level: ls (ls)
run @200ns
# : WARNING: CONV_INTEGER: There is an 'U'|'X'|'W'|'Z'|'-' in an arithmetic operand, and it has been converted to 0.
# : Time: 0 ps,  Iteration: 0,  Instance: /U2.
# : WARNING: CONV_INTEGER: There is an 'U'|'X'|'W'|'Z'|'-' in an arithmetic operand, and it has been converted to 0.
# : Time: 0 ps,  Iteration: 0,  Instance: /U2.
# : WARNING: CONV_INTEGER: There is an 'U'|'X'|'W'|'Z'|'-' in an arithmetic operand, and it has been converted to 0.
# : Time: 0 ps,  Iteration: 0,  Instance: /U2.
# : WARNING: CONV_INTEGER: There is an 'U'|'X'|'W'|'Z'|'-' in an arithmetic operand, and it has been converted to 0.
# : Time: 0 ps,  Iteration: 0,  Instance: /U2.
# : WARNING: CONV_INTEGER: There is an 'U'|'X'|'W'|'Z'|'-' in an arithmetic operand, and it has been converted to 0.
# : Time: 0 ps,  Iteration: 0,  Instance: /U2.
# : WARNING: CONV_INTEGER: There is an 'U'|'X'|'W'|'Z'|'-' in an arithmetic operand, and it has been converted to 0.
# : Time: 0 ps,  Iteration: 0,  Instance: /U2.
# : WARNING: CONV_INTEGER: There is an 'U'|'X'|'W'|'Z'|'-' in an arithmetic operand, and it has been converted to 0.
# : Time: 0 ps,  Iteration: 0,  Instance: /U4.
# : WARNING: CONV_INTEGER: There is an 'U'|'X'|'W'|'Z'|'-' in an arithmetic operand, and it has been converted to 0.
# : Time: 0 ps,  Iteration: 0,  Instance: /U4.
# : WARNING: CONV_INTEGER: There is an 'U'|'X'|'W'|'Z'|'-' in an arithmetic operand, and it has been converted to 0.
# : Time: 0 ps,  Iteration: 0,  Instance: /U4.
# : WARNING: CONV_INTEGER: There is an 'U'|'X'|'W'|'Z'|'-' in an arithmetic operand, and it has been converted to 0.
# : Time: 0 ps,  Iteration: 0,  Instance: /U4.
# : WARNING: CONV_INTEGER: There is an 'U'|'X'|'W'|'Z'|'-' in an arithmetic operand, and it has been converted to 0.
# : Time: 0 ps,  Iteration: 0,  Instance: /U4.
# : WARNING: CONV_INTEGER: There is an 'U'|'X'|'W'|'Z'|'-' in an arithmetic operand, and it has been converted to 0.
# : Time: 0 ps,  Iteration: 0,  Instance: /U4.
# : WARNING: CONV_INTEGER: There is an 'U'|'X'|'W'|'Z'|'-' in an arithmetic operand, and it has been converted to 0.
# : Time: 0 ps,  Iteration: 0,  Instance: /U4.
# : WARNING: CONV_INTEGER: There is an 'U'|'X'|'W'|'Z'|'-' in an arithmetic operand, and it has been converted to 0.
# : Time: 0 ps,  Iteration: 0,  Instance: /U4.
# : WARNING: CONV_INTEGER: There is an 'U'|'X'|'W'|'Z'|'-' in an arithmetic operand, and it has been converted to 0.
# : Time: 0 ps,  Iteration: 0,  Instance: /U4.
# : WARNING: CONV_INTEGER: There is an 'U'|'X'|'W'|'Z'|'-' in an arithmetic operand, and it has been converted to 0.
# : Time: 0 ps,  Iteration: 0,  Instance: /U4.
# KERNEL: stopped at time: 200 ns
# KERNEL: Simulation has finished. There are no more test vectors to simulate.
run @400ns
# KERNEL: stopped at time: 400 ns
# KERNEL: Simulation has finished. There are no more test vectors to simulate.
restart
# ELBREAD: Elaboration process.
# ELBREAD: Elaboration time 0.0 [s].
# KERNEL: Main thread initiated.
# KERNEL: Kernel process initialization phase.
# KERNEL: Time resolution set to 1ps.
# ELAB2: Elaboration final pass...
# ELAB2: Create instances ...
# ELAB2: Create instances complete.
# ELAB2: Elaboration final pass complete - time: 0.0 [s].
# KERNEL: Kernel process initialization done.
# Allocation: Simulator allocated 1573 kB (elbread=1071 elab2=425 kernel=77 sdf=0)
# 12:36 p. m., jueves, 9 de enero de 2025
# Simulation has been initialized
# Selected Top-Level: ls (ls)
run @200ns
# Simulation has been stopped
acom $DSN/src/Banco_de_Registros.vhd $DSN/src/Sign_Extend.vhd
# Compile...
# File: c:\Users\Mario\Documents\arquitectura_computadoras\bancols_v1\domingo\src\Banco_de_Registros.vhd
# Compile Entity "Banco_de_Registros"
# Entity `Banco_de_Registros' has been skipped - no difference detected.
# Compile Architecture "Behavioral" of Entity "Banco_de_Registros"
# File: c:\Users\Mario\Documents\arquitectura_computadoras\bancols_v1\domingo\src\Sign_Extend.vhd
# Compile Entity "Sign_Extend"
# Entity `Sign_Extend' has been skipped - no difference detected.
# Compile Architecture "Behavioral" of Entity "Sign_Extend"
# Compile success 0 Errors 0 Warnings  Analysis time :  0.2 [s]
asim -advdataflow  -retry 3  ls ls
# ELBREAD: Elaboration process.
# ELBREAD: Elaboration time 0.0 [s].
# asim: Stack memory: 32MB
# asim: Retval memory: 32MB
# KERNEL: Main thread initiated.
# KERNEL: Kernel process initialization phase.
# KERNEL: Time resolution set to 1ps.
# ELAB2: Elaboration final pass...
# ELAB2: Create instances ...
# ELAB2: Create instances complete.
# ELAB2: Elaboration final pass complete - time: 0.0 [s].
# KERNEL: Kernel process initialization done.
# Allocation: Simulator allocated 1573 kB (elbread=1071 elab2=425 kernel=77 sdf=0)
# 12:36 p. m., jueves, 9 de enero de 2025
# Simulation has been initialized
# Selected Top-Level: ls (ls)
run @200ns
# : WARNING: CONV_INTEGER: There is an 'U'|'X'|'W'|'Z'|'-' in an arithmetic operand, and it has been converted to 0.
# : Time: 0 ps,  Iteration: 0,  Instance: /U2.
# : WARNING: CONV_INTEGER: There is an 'U'|'X'|'W'|'Z'|'-' in an arithmetic operand, and it has been converted to 0.
# : Time: 0 ps,  Iteration: 0,  Instance: /U2.
# : WARNING: CONV_INTEGER: There is an 'U'|'X'|'W'|'Z'|'-' in an arithmetic operand, and it has been converted to 0.
# : Time: 0 ps,  Iteration: 0,  Instance: /U2.
# : WARNING: CONV_INTEGER: There is an 'U'|'X'|'W'|'Z'|'-' in an arithmetic operand, and it has been converted to 0.
# : Time: 0 ps,  Iteration: 0,  Instance: /U2.
# : WARNING: CONV_INTEGER: There is an 'U'|'X'|'W'|'Z'|'-' in an arithmetic operand, and it has been converted to 0.
# : Time: 0 ps,  Iteration: 0,  Instance: /U2.
# : WARNING: CONV_INTEGER: There is an 'U'|'X'|'W'|'Z'|'-' in an arithmetic operand, and it has been converted to 0.
# : Time: 0 ps,  Iteration: 0,  Instance: /U2.
# : WARNING: CONV_INTEGER: There is an 'U'|'X'|'W'|'Z'|'-' in an arithmetic operand, and it has been converted to 0.
# : Time: 0 ps,  Iteration: 0,  Instance: /U4.
# : WARNING: CONV_INTEGER: There is an 'U'|'X'|'W'|'Z'|'-' in an arithmetic operand, and it has been converted to 0.
# : Time: 0 ps,  Iteration: 0,  Instance: /U4.
# : WARNING: CONV_INTEGER: There is an 'U'|'X'|'W'|'Z'|'-' in an arithmetic operand, and it has been converted to 0.
# : Time: 0 ps,  Iteration: 0,  Instance: /U4.
# : WARNING: CONV_INTEGER: There is an 'U'|'X'|'W'|'Z'|'-' in an arithmetic operand, and it has been converted to 0.
# : Time: 0 ps,  Iteration: 0,  Instance: /U4.
# : WARNING: CONV_INTEGER: There is an 'U'|'X'|'W'|'Z'|'-' in an arithmetic operand, and it has been converted to 0.
# : Time: 0 ps,  Iteration: 0,  Instance: /U4.
# : WARNING: CONV_INTEGER: There is an 'U'|'X'|'W'|'Z'|'-' in an arithmetic operand, and it has been converted to 0.
# : Time: 0 ps,  Iteration: 0,  Instance: /U4.
# : WARNING: CONV_INTEGER: There is an 'U'|'X'|'W'|'Z'|'-' in an arithmetic operand, and it has been converted to 0.
# : Time: 0 ps,  Iteration: 0,  Instance: /U4.
# : WARNING: CONV_INTEGER: There is an 'U'|'X'|'W'|'Z'|'-' in an arithmetic operand, and it has been converted to 0.
# : Time: 0 ps,  Iteration: 0,  Instance: /U4.
# : WARNING: CONV_INTEGER: There is an 'U'|'X'|'W'|'Z'|'-' in an arithmetic operand, and it has been converted to 0.
# : Time: 0 ps,  Iteration: 0,  Instance: /U4.
# : WARNING: CONV_INTEGER: There is an 'U'|'X'|'W'|'Z'|'-' in an arithmetic operand, and it has been converted to 0.
# : Time: 0 ps,  Iteration: 0,  Instance: /U4.
# KERNEL: stopped at time: 200 ns
# KERNEL: Simulation has finished. There are no more test vectors to simulate.
run @400ns
# KERNEL: stopped at time: 400 ns
# KERNEL: Simulation has finished. There are no more test vectors to simulate.
restart
# ELBREAD: Elaboration process.
# ELBREAD: Elaboration time 0.0 [s].
# KERNEL: Main thread initiated.
# KERNEL: Kernel process initialization phase.
# KERNEL: Time resolution set to 1ps.
# ELAB2: Elaboration final pass...
# ELAB2: Create instances ...
# ELAB2: Create instances complete.
# ELAB2: Elaboration final pass complete - time: 0.0 [s].
# KERNEL: Kernel process initialization done.
# Allocation: Simulator allocated 1573 kB (elbread=1071 elab2=425 kernel=77 sdf=0)
# 12:38 p. m., jueves, 9 de enero de 2025
# Simulation has been initialized
# Selected Top-Level: ls (ls)
run @200ns
# Simulation has been stopped
acom $DSN/src/memoria_de_programa.vhd
# Compile...
# File: c:\Users\Mario\Documents\arquitectura_computadoras\bancols_v1\domingo\src\memoria_de_programa.vhd
# Compile Entity "memoria_del_programa"
# Entity `memoria_del_programa' has been skipped - no difference detected.
# Compile Architecture "Behavioral" of Entity "memoria_del_programa"
# Compile success 0 Errors 0 Warnings  Analysis time :  0.0 [s]
asim -advdataflow  -retry 3  ls ls
# ELBREAD: Elaboration process.
# ELBREAD: Elaboration time 0.0 [s].
# asim: Stack memory: 32MB
# asim: Retval memory: 32MB
# KERNEL: Main thread initiated.
# KERNEL: Kernel process initialization phase.
# KERNEL: Time resolution set to 1ps.
# ELAB2: Elaboration final pass...
# ELAB2: Create instances ...
# ELAB2: Create instances complete.
# ELAB2: Elaboration final pass complete - time: 0.0 [s].
# KERNEL: Kernel process initialization done.
# Allocation: Simulator allocated 1573 kB (elbread=1071 elab2=425 kernel=77 sdf=0)
# 12:38 p. m., jueves, 9 de enero de 2025
# Simulation has been initialized
# Selected Top-Level: ls (ls)
run @200ns
# : WARNING: CONV_INTEGER: There is an 'U'|'X'|'W'|'Z'|'-' in an arithmetic operand, and it has been converted to 0.
# : Time: 0 ps,  Iteration: 0,  Instance: /U2.
# : WARNING: CONV_INTEGER: There is an 'U'|'X'|'W'|'Z'|'-' in an arithmetic operand, and it has been converted to 0.
# : Time: 0 ps,  Iteration: 0,  Instance: /U2.
# : WARNING: CONV_INTEGER: There is an 'U'|'X'|'W'|'Z'|'-' in an arithmetic operand, and it has been converted to 0.
# : Time: 0 ps,  Iteration: 0,  Instance: /U2.
# : WARNING: CONV_INTEGER: There is an 'U'|'X'|'W'|'Z'|'-' in an arithmetic operand, and it has been converted to 0.
# : Time: 0 ps,  Iteration: 0,  Instance: /U2.
# : WARNING: CONV_INTEGER: There is an 'U'|'X'|'W'|'Z'|'-' in an arithmetic operand, and it has been converted to 0.
# : Time: 0 ps,  Iteration: 0,  Instance: /U2.
# : WARNING: CONV_INTEGER: There is an 'U'|'X'|'W'|'Z'|'-' in an arithmetic operand, and it has been converted to 0.
# : Time: 0 ps,  Iteration: 0,  Instance: /U2.
# : WARNING: CONV_INTEGER: There is an 'U'|'X'|'W'|'Z'|'-' in an arithmetic operand, and it has been converted to 0.
# : Time: 0 ps,  Iteration: 0,  Instance: /U4.
# : WARNING: CONV_INTEGER: There is an 'U'|'X'|'W'|'Z'|'-' in an arithmetic operand, and it has been converted to 0.
# : Time: 0 ps,  Iteration: 0,  Instance: /U4.
# : WARNING: CONV_INTEGER: There is an 'U'|'X'|'W'|'Z'|'-' in an arithmetic operand, and it has been converted to 0.
# : Time: 0 ps,  Iteration: 0,  Instance: /U4.
# : WARNING: CONV_INTEGER: There is an 'U'|'X'|'W'|'Z'|'-' in an arithmetic operand, and it has been converted to 0.
# : Time: 0 ps,  Iteration: 0,  Instance: /U4.
# : WARNING: CONV_INTEGER: There is an 'U'|'X'|'W'|'Z'|'-' in an arithmetic operand, and it has been converted to 0.
# : Time: 0 ps,  Iteration: 0,  Instance: /U4.
# : WARNING: CONV_INTEGER: There is an 'U'|'X'|'W'|'Z'|'-' in an arithmetic operand, and it has been converted to 0.
# : Time: 0 ps,  Iteration: 0,  Instance: /U4.
# : WARNING: CONV_INTEGER: There is an 'U'|'X'|'W'|'Z'|'-' in an arithmetic operand, and it has been converted to 0.
# : Time: 0 ps,  Iteration: 0,  Instance: /U4.
# : WARNING: CONV_INTEGER: There is an 'U'|'X'|'W'|'Z'|'-' in an arithmetic operand, and it has been converted to 0.
# : Time: 0 ps,  Iteration: 0,  Instance: /U4.
# : WARNING: CONV_INTEGER: There is an 'U'|'X'|'W'|'Z'|'-' in an arithmetic operand, and it has been converted to 0.
# : Time: 0 ps,  Iteration: 0,  Instance: /U4.
# : WARNING: CONV_INTEGER: There is an 'U'|'X'|'W'|'Z'|'-' in an arithmetic operand, and it has been converted to 0.
# : Time: 0 ps,  Iteration: 0,  Instance: /U4.
# KERNEL: stopped at time: 200 ns
# KERNEL: Simulation has finished. There are no more test vectors to simulate.
run @400ns
# KERNEL: stopped at time: 400 ns
# KERNEL: Simulation has finished. There are no more test vectors to simulate.
restart
# ELBREAD: Elaboration process.
# ELBREAD: Elaboration time 0.0 [s].
# KERNEL: Main thread initiated.
# KERNEL: Kernel process initialization phase.
# KERNEL: Time resolution set to 1ps.
# ELAB2: Elaboration final pass...
# ELAB2: Create instances ...
# ELAB2: Create instances complete.
# ELAB2: Elaboration final pass complete - time: 0.0 [s].
# KERNEL: Kernel process initialization done.
# Allocation: Simulator allocated 1573 kB (elbread=1071 elab2=425 kernel=77 sdf=0)
# 12:47 p. m., jueves, 9 de enero de 2025
# Simulation has been initialized
# Selected Top-Level: ls (ls)
run @200ns
# Simulation has been stopped
acom $DSN/src/memoria_de_programa.vhd $DSN/src/Sign_Extend.vhd
# Compile...
# File: c:\Users\Mario\Documents\arquitectura_computadoras\bancols_v1\domingo\src\memoria_de_programa.vhd
# Compile Entity "memoria_del_programa"
# Entity `memoria_del_programa' has been skipped - no difference detected.
# Compile Architecture "Behavioral" of Entity "memoria_del_programa"
# File: c:\Users\Mario\Documents\arquitectura_computadoras\bancols_v1\domingo\src\Sign_Extend.vhd
# Compile Entity "Sign_Extend"
# Entity `Sign_Extend' has been skipped - no difference detected.
# Compile Architecture "Behavioral" of Entity "Sign_Extend"
# Compile success 0 Errors 0 Warnings  Analysis time :  0.2 [s]
asim -advdataflow  -retry 3  ls ls
# ELBREAD: Elaboration process.
# ELBREAD: Elaboration time 0.0 [s].
# asim: Stack memory: 32MB
# asim: Retval memory: 32MB
# KERNEL: Main thread initiated.
# KERNEL: Kernel process initialization phase.
# KERNEL: Time resolution set to 1ps.
# ELAB2: Elaboration final pass...
# ELAB2: Create instances ...
# ELAB2: Create instances complete.
# ELAB2: Elaboration final pass complete - time: 0.0 [s].
# KERNEL: Kernel process initialization done.
# Allocation: Simulator allocated 1573 kB (elbread=1071 elab2=425 kernel=77 sdf=0)
# 12:47 p. m., jueves, 9 de enero de 2025
# Simulation has been initialized
# Selected Top-Level: ls (ls)
run @200ns
# : WARNING: CONV_INTEGER: There is an 'U'|'X'|'W'|'Z'|'-' in an arithmetic operand, and it has been converted to 0.
# : Time: 0 ps,  Iteration: 0,  Instance: /U2.
# : WARNING: CONV_INTEGER: There is an 'U'|'X'|'W'|'Z'|'-' in an arithmetic operand, and it has been converted to 0.
# : Time: 0 ps,  Iteration: 0,  Instance: /U2.
# : WARNING: CONV_INTEGER: There is an 'U'|'X'|'W'|'Z'|'-' in an arithmetic operand, and it has been converted to 0.
# : Time: 0 ps,  Iteration: 0,  Instance: /U2.
# : WARNING: CONV_INTEGER: There is an 'U'|'X'|'W'|'Z'|'-' in an arithmetic operand, and it has been converted to 0.
# : Time: 0 ps,  Iteration: 0,  Instance: /U2.
# : WARNING: CONV_INTEGER: There is an 'U'|'X'|'W'|'Z'|'-' in an arithmetic operand, and it has been converted to 0.
# : Time: 0 ps,  Iteration: 0,  Instance: /U2.
# : WARNING: CONV_INTEGER: There is an 'U'|'X'|'W'|'Z'|'-' in an arithmetic operand, and it has been converted to 0.
# : Time: 0 ps,  Iteration: 0,  Instance: /U2.
# : WARNING: CONV_INTEGER: There is an 'U'|'X'|'W'|'Z'|'-' in an arithmetic operand, and it has been converted to 0.
# : Time: 0 ps,  Iteration: 0,  Instance: /U4.
# : WARNING: CONV_INTEGER: There is an 'U'|'X'|'W'|'Z'|'-' in an arithmetic operand, and it has been converted to 0.
# : Time: 0 ps,  Iteration: 0,  Instance: /U4.
# : WARNING: CONV_INTEGER: There is an 'U'|'X'|'W'|'Z'|'-' in an arithmetic operand, and it has been converted to 0.
# : Time: 0 ps,  Iteration: 0,  Instance: /U4.
# : WARNING: CONV_INTEGER: There is an 'U'|'X'|'W'|'Z'|'-' in an arithmetic operand, and it has been converted to 0.
# : Time: 0 ps,  Iteration: 0,  Instance: /U4.
# : WARNING: CONV_INTEGER: There is an 'U'|'X'|'W'|'Z'|'-' in an arithmetic operand, and it has been converted to 0.
# : Time: 0 ps,  Iteration: 0,  Instance: /U4.
# : WARNING: CONV_INTEGER: There is an 'U'|'X'|'W'|'Z'|'-' in an arithmetic operand, and it has been converted to 0.
# : Time: 0 ps,  Iteration: 0,  Instance: /U4.
# : WARNING: CONV_INTEGER: There is an 'U'|'X'|'W'|'Z'|'-' in an arithmetic operand, and it has been converted to 0.
# : Time: 0 ps,  Iteration: 0,  Instance: /U4.
# : WARNING: CONV_INTEGER: There is an 'U'|'X'|'W'|'Z'|'-' in an arithmetic operand, and it has been converted to 0.
# : Time: 0 ps,  Iteration: 0,  Instance: /U4.
# : WARNING: CONV_INTEGER: There is an 'U'|'X'|'W'|'Z'|'-' in an arithmetic operand, and it has been converted to 0.
# : Time: 0 ps,  Iteration: 0,  Instance: /U4.
# : WARNING: CONV_INTEGER: There is an 'U'|'X'|'W'|'Z'|'-' in an arithmetic operand, and it has been converted to 0.
# : Time: 0 ps,  Iteration: 0,  Instance: /U4.
# KERNEL: stopped at time: 200 ns
# KERNEL: Simulation has finished. There are no more test vectors to simulate.
run @400ns
# KERNEL: stopped at time: 400 ns
# KERNEL: Simulation has finished. There are no more test vectors to simulate.
run @600ns
# KERNEL: stopped at time: 600 ns
# KERNEL: Simulation has finished. There are no more test vectors to simulate.
run @800ns
# KERNEL: stopped at time: 800 ns
# KERNEL: Simulation has finished. There are no more test vectors to simulate.
run @1us
# KERNEL: stopped at time: 1 us
# KERNEL: Simulation has finished. There are no more test vectors to simulate.
run @1.2us
# KERNEL: stopped at time: 1200 ns
# KERNEL: Simulation has finished. There are no more test vectors to simulate.
restart
# ELBREAD: Elaboration process.
# ELBREAD: Elaboration time 0.0 [s].
# KERNEL: Main thread initiated.
# KERNEL: Kernel process initialization phase.
# KERNEL: Time resolution set to 1ps.
# ELAB2: Elaboration final pass...
# ELAB2: Create instances ...
# ELAB2: Create instances complete.
# ELAB2: Elaboration final pass complete - time: 0.0 [s].
# KERNEL: Kernel process initialization done.
# Allocation: Simulator allocated 1573 kB (elbread=1071 elab2=425 kernel=77 sdf=0)
# 12:48 p. m., jueves, 9 de enero de 2025
# Simulation has been initialized
# Selected Top-Level: ls (ls)
restart
# ELBREAD: Elaboration process.
# ELBREAD: Elaboration time 0.0 [s].
# KERNEL: Main thread initiated.
# KERNEL: Kernel process initialization phase.
# KERNEL: Time resolution set to 1ps.
# ELAB2: Elaboration final pass...
# ELAB2: Create instances ...
# ELAB2: Create instances complete.
# ELAB2: Elaboration final pass complete - time: 0.0 [s].
# KERNEL: Kernel process initialization done.
# Allocation: Simulator allocated 1573 kB (elbread=1071 elab2=425 kernel=77 sdf=0)
# 12:50 p. m., jueves, 9 de enero de 2025
# Simulation has been initialized
# Selected Top-Level: ls (ls)
restart
# ELBREAD: Elaboration process.
# ELBREAD: Elaboration time 0.0 [s].
# KERNEL: Main thread initiated.
# KERNEL: Kernel process initialization phase.
# KERNEL: Time resolution set to 1ps.
# ELAB2: Elaboration final pass...
# ELAB2: Create instances ...
# ELAB2: Create instances complete.
# ELAB2: Elaboration final pass complete - time: 0.0 [s].
# KERNEL: Kernel process initialization done.
# Allocation: Simulator allocated 1573 kB (elbread=1071 elab2=425 kernel=77 sdf=0)
# 12:51 p. m., jueves, 9 de enero de 2025
# Simulation has been initialized
# Selected Top-Level: ls (ls)
run @200ns
# Simulation has been stopped
acom $DSN/src/memoria_de_programa.vhd
# Compile...
# File: c:\Users\Mario\Documents\arquitectura_computadoras\bancols_v1\domingo\src\memoria_de_programa.vhd
# Compile Entity "memoria_del_programa"
# Entity `memoria_del_programa' has been skipped - no difference detected.
# Compile Architecture "Behavioral" of Entity "memoria_del_programa"
# Compile success 0 Errors 0 Warnings  Analysis time :  0.0 [s]
asim -advdataflow  -retry 3  ls ls
# ELBREAD: Elaboration process.
# ELBREAD: Elaboration time 0.0 [s].
# asim: Stack memory: 32MB
# asim: Retval memory: 32MB
# KERNEL: Main thread initiated.
# KERNEL: Kernel process initialization phase.
# KERNEL: Time resolution set to 1ps.
# ELAB2: Elaboration final pass...
# ELAB2: Create instances ...
# ELAB2: Create instances complete.
# ELAB2: Elaboration final pass complete - time: 0.0 [s].
# KERNEL: Kernel process initialization done.
# Allocation: Simulator allocated 1573 kB (elbread=1071 elab2=425 kernel=77 sdf=0)
# 12:51 p. m., jueves, 9 de enero de 2025
# Simulation has been initialized
# Selected Top-Level: ls (ls)
# Signal U2/regs not found in design
run @200ns
# : WARNING: CONV_INTEGER: There is an 'U'|'X'|'W'|'Z'|'-' in an arithmetic operand, and it has been converted to 0.
# : Time: 0 ps,  Iteration: 0,  Instance: /U2.
# : WARNING: CONV_INTEGER: There is an 'U'|'X'|'W'|'Z'|'-' in an arithmetic operand, and it has been converted to 0.
# : Time: 0 ps,  Iteration: 0,  Instance: /U2.
# : WARNING: CONV_INTEGER: There is an 'U'|'X'|'W'|'Z'|'-' in an arithmetic operand, and it has been converted to 0.
# : Time: 0 ps,  Iteration: 0,  Instance: /U2.
# : WARNING: CONV_INTEGER: There is an 'U'|'X'|'W'|'Z'|'-' in an arithmetic operand, and it has been converted to 0.
# : Time: 0 ps,  Iteration: 0,  Instance: /U2.
# : WARNING: CONV_INTEGER: There is an 'U'|'X'|'W'|'Z'|'-' in an arithmetic operand, and it has been converted to 0.
# : Time: 0 ps,  Iteration: 0,  Instance: /U2.
# : WARNING: CONV_INTEGER: There is an 'U'|'X'|'W'|'Z'|'-' in an arithmetic operand, and it has been converted to 0.
# : Time: 0 ps,  Iteration: 0,  Instance: /U2.
# : WARNING: CONV_INTEGER: There is an 'U'|'X'|'W'|'Z'|'-' in an arithmetic operand, and it has been converted to 0.
# : Time: 0 ps,  Iteration: 0,  Instance: /U4.
# : WARNING: CONV_INTEGER: There is an 'U'|'X'|'W'|'Z'|'-' in an arithmetic operand, and it has been converted to 0.
# : Time: 0 ps,  Iteration: 0,  Instance: /U4.
# : WARNING: CONV_INTEGER: There is an 'U'|'X'|'W'|'Z'|'-' in an arithmetic operand, and it has been converted to 0.
# : Time: 0 ps,  Iteration: 0,  Instance: /U4.
# : WARNING: CONV_INTEGER: There is an 'U'|'X'|'W'|'Z'|'-' in an arithmetic operand, and it has been converted to 0.
# : Time: 0 ps,  Iteration: 0,  Instance: /U4.
# : WARNING: CONV_INTEGER: There is an 'U'|'X'|'W'|'Z'|'-' in an arithmetic operand, and it has been converted to 0.
# : Time: 0 ps,  Iteration: 0,  Instance: /U4.
# : WARNING: CONV_INTEGER: There is an 'U'|'X'|'W'|'Z'|'-' in an arithmetic operand, and it has been converted to 0.
# : Time: 0 ps,  Iteration: 0,  Instance: /U4.
# : WARNING: CONV_INTEGER: There is an 'U'|'X'|'W'|'Z'|'-' in an arithmetic operand, and it has been converted to 0.
# : Time: 0 ps,  Iteration: 0,  Instance: /U4.
# : WARNING: CONV_INTEGER: There is an 'U'|'X'|'W'|'Z'|'-' in an arithmetic operand, and it has been converted to 0.
# : Time: 0 ps,  Iteration: 0,  Instance: /U4.
# : WARNING: CONV_INTEGER: There is an 'U'|'X'|'W'|'Z'|'-' in an arithmetic operand, and it has been converted to 0.
# : Time: 0 ps,  Iteration: 0,  Instance: /U4.
# : WARNING: CONV_INTEGER: There is an 'U'|'X'|'W'|'Z'|'-' in an arithmetic operand, and it has been converted to 0.
# : Time: 0 ps,  Iteration: 0,  Instance: /U4.
# KERNEL: stopped at time: 200 ns
# KERNEL: Simulation has finished. There are no more test vectors to simulate.
restart
# ELBREAD: Elaboration process.
# ELBREAD: Elaboration time 0.0 [s].
# KERNEL: Main thread initiated.
# KERNEL: Kernel process initialization phase.
# KERNEL: Time resolution set to 1ps.
# ELAB2: Elaboration final pass...
# ELAB2: Create instances ...
# ELAB2: Create instances complete.
# ELAB2: Elaboration final pass complete - time: 0.0 [s].
# KERNEL: Kernel process initialization done.
# Allocation: Simulator allocated 1573 kB (elbread=1071 elab2=425 kernel=77 sdf=0)
# 12:51 p. m., jueves, 9 de enero de 2025
# Simulation has been initialized
# Selected Top-Level: ls (ls)
run @200ns
# : WARNING: CONV_INTEGER: There is an 'U'|'X'|'W'|'Z'|'-' in an arithmetic operand, and it has been converted to 0.
# : Time: 0 ps,  Iteration: 0,  Instance: /U2.
# : WARNING: CONV_INTEGER: There is an 'U'|'X'|'W'|'Z'|'-' in an arithmetic operand, and it has been converted to 0.
# : Time: 0 ps,  Iteration: 0,  Instance: /U2.
# : WARNING: CONV_INTEGER: There is an 'U'|'X'|'W'|'Z'|'-' in an arithmetic operand, and it has been converted to 0.
# : Time: 0 ps,  Iteration: 0,  Instance: /U2.
# : WARNING: CONV_INTEGER: There is an 'U'|'X'|'W'|'Z'|'-' in an arithmetic operand, and it has been converted to 0.
# : Time: 0 ps,  Iteration: 0,  Instance: /U2.
# : WARNING: CONV_INTEGER: There is an 'U'|'X'|'W'|'Z'|'-' in an arithmetic operand, and it has been converted to 0.
# : Time: 0 ps,  Iteration: 0,  Instance: /U2.
# : WARNING: CONV_INTEGER: There is an 'U'|'X'|'W'|'Z'|'-' in an arithmetic operand, and it has been converted to 0.
# : Time: 0 ps,  Iteration: 0,  Instance: /U2.
# : WARNING: CONV_INTEGER: There is an 'U'|'X'|'W'|'Z'|'-' in an arithmetic operand, and it has been converted to 0.
# : Time: 0 ps,  Iteration: 0,  Instance: /U4.
# : WARNING: CONV_INTEGER: There is an 'U'|'X'|'W'|'Z'|'-' in an arithmetic operand, and it has been converted to 0.
# : Time: 0 ps,  Iteration: 0,  Instance: /U4.
# : WARNING: CONV_INTEGER: There is an 'U'|'X'|'W'|'Z'|'-' in an arithmetic operand, and it has been converted to 0.
# : Time: 0 ps,  Iteration: 0,  Instance: /U4.
# : WARNING: CONV_INTEGER: There is an 'U'|'X'|'W'|'Z'|'-' in an arithmetic operand, and it has been converted to 0.
# : Time: 0 ps,  Iteration: 0,  Instance: /U4.
# : WARNING: CONV_INTEGER: There is an 'U'|'X'|'W'|'Z'|'-' in an arithmetic operand, and it has been converted to 0.
# : Time: 0 ps,  Iteration: 0,  Instance: /U4.
# : WARNING: CONV_INTEGER: There is an 'U'|'X'|'W'|'Z'|'-' in an arithmetic operand, and it has been converted to 0.
# : Time: 0 ps,  Iteration: 0,  Instance: /U4.
# : WARNING: CONV_INTEGER: There is an 'U'|'X'|'W'|'Z'|'-' in an arithmetic operand, and it has been converted to 0.
# : Time: 0 ps,  Iteration: 0,  Instance: /U4.
# : WARNING: CONV_INTEGER: There is an 'U'|'X'|'W'|'Z'|'-' in an arithmetic operand, and it has been converted to 0.
# : Time: 0 ps,  Iteration: 0,  Instance: /U4.
# : WARNING: CONV_INTEGER: There is an 'U'|'X'|'W'|'Z'|'-' in an arithmetic operand, and it has been converted to 0.
# : Time: 0 ps,  Iteration: 0,  Instance: /U4.
# : WARNING: CONV_INTEGER: There is an 'U'|'X'|'W'|'Z'|'-' in an arithmetic operand, and it has been converted to 0.
# : Time: 0 ps,  Iteration: 0,  Instance: /U4.
# KERNEL: stopped at time: 200 ns
# KERNEL: Simulation has finished. There are no more test vectors to simulate.
run @400ns
# KERNEL: stopped at time: 400 ns
# KERNEL: Simulation has finished. There are no more test vectors to simulate.
run @600ns
# KERNEL: stopped at time: 600 ns
# KERNEL: Simulation has finished. There are no more test vectors to simulate.
run @800ns
# KERNEL: stopped at time: 800 ns
# KERNEL: Simulation has finished. There are no more test vectors to simulate.
run @1us
# KERNEL: stopped at time: 1 us
# KERNEL: Simulation has finished. There are no more test vectors to simulate.
run @1.2us
# KERNEL: stopped at time: 1200 ns
# KERNEL: Simulation has finished. There are no more test vectors to simulate.
run @1.4us
# KERNEL: stopped at time: 1400 ns
# KERNEL: Simulation has finished. There are no more test vectors to simulate.
run @1.6us
# KERNEL: stopped at time: 1600 ns
# KERNEL: Simulation has finished. There are no more test vectors to simulate.
run @1.8us
# KERNEL: stopped at time: 1800 ns
# KERNEL: Simulation has finished. There are no more test vectors to simulate.
restart
# ELBREAD: Elaboration process.
# ELBREAD: Elaboration time 0.0 [s].
# KERNEL: Main thread initiated.
# KERNEL: Kernel process initialization phase.
# KERNEL: Time resolution set to 1ps.
# ELAB2: Elaboration final pass...
# ELAB2: Create instances ...
# ELAB2: Create instances complete.
# ELAB2: Elaboration final pass complete - time: 0.0 [s].
# KERNEL: Kernel process initialization done.
# Allocation: Simulator allocated 1573 kB (elbread=1071 elab2=425 kernel=77 sdf=0)
# 12:52 p. m., jueves, 9 de enero de 2025
# Simulation has been initialized
# Selected Top-Level: ls (ls)
run @200ns
# : WARNING: CONV_INTEGER: There is an 'U'|'X'|'W'|'Z'|'-' in an arithmetic operand, and it has been converted to 0.
# : Time: 0 ps,  Iteration: 0,  Instance: /U2.
# : WARNING: CONV_INTEGER: There is an 'U'|'X'|'W'|'Z'|'-' in an arithmetic operand, and it has been converted to 0.
# : Time: 0 ps,  Iteration: 0,  Instance: /U2.
# : WARNING: CONV_INTEGER: There is an 'U'|'X'|'W'|'Z'|'-' in an arithmetic operand, and it has been converted to 0.
# : Time: 0 ps,  Iteration: 0,  Instance: /U2.
# : WARNING: CONV_INTEGER: There is an 'U'|'X'|'W'|'Z'|'-' in an arithmetic operand, and it has been converted to 0.
# : Time: 0 ps,  Iteration: 0,  Instance: /U2.
# : WARNING: CONV_INTEGER: There is an 'U'|'X'|'W'|'Z'|'-' in an arithmetic operand, and it has been converted to 0.
# : Time: 0 ps,  Iteration: 0,  Instance: /U2.
# : WARNING: CONV_INTEGER: There is an 'U'|'X'|'W'|'Z'|'-' in an arithmetic operand, and it has been converted to 0.
# : Time: 0 ps,  Iteration: 0,  Instance: /U2.
# : WARNING: CONV_INTEGER: There is an 'U'|'X'|'W'|'Z'|'-' in an arithmetic operand, and it has been converted to 0.
# : Time: 0 ps,  Iteration: 0,  Instance: /U4.
# : WARNING: CONV_INTEGER: There is an 'U'|'X'|'W'|'Z'|'-' in an arithmetic operand, and it has been converted to 0.
# : Time: 0 ps,  Iteration: 0,  Instance: /U4.
# : WARNING: CONV_INTEGER: There is an 'U'|'X'|'W'|'Z'|'-' in an arithmetic operand, and it has been converted to 0.
# : Time: 0 ps,  Iteration: 0,  Instance: /U4.
# : WARNING: CONV_INTEGER: There is an 'U'|'X'|'W'|'Z'|'-' in an arithmetic operand, and it has been converted to 0.
# : Time: 0 ps,  Iteration: 0,  Instance: /U4.
# : WARNING: CONV_INTEGER: There is an 'U'|'X'|'W'|'Z'|'-' in an arithmetic operand, and it has been converted to 0.
# : Time: 0 ps,  Iteration: 0,  Instance: /U4.
# : WARNING: CONV_INTEGER: There is an 'U'|'X'|'W'|'Z'|'-' in an arithmetic operand, and it has been converted to 0.
# : Time: 0 ps,  Iteration: 0,  Instance: /U4.
# : WARNING: CONV_INTEGER: There is an 'U'|'X'|'W'|'Z'|'-' in an arithmetic operand, and it has been converted to 0.
# : Time: 0 ps,  Iteration: 0,  Instance: /U4.
# : WARNING: CONV_INTEGER: There is an 'U'|'X'|'W'|'Z'|'-' in an arithmetic operand, and it has been converted to 0.
# : Time: 0 ps,  Iteration: 0,  Instance: /U4.
# : WARNING: CONV_INTEGER: There is an 'U'|'X'|'W'|'Z'|'-' in an arithmetic operand, and it has been converted to 0.
# : Time: 0 ps,  Iteration: 0,  Instance: /U4.
# : WARNING: CONV_INTEGER: There is an 'U'|'X'|'W'|'Z'|'-' in an arithmetic operand, and it has been converted to 0.
# : Time: 0 ps,  Iteration: 0,  Instance: /U4.
# KERNEL: stopped at time: 200 ns
# KERNEL: Simulation has finished. There are no more test vectors to simulate.
run @400ns
# KERNEL: stopped at time: 400 ns
# KERNEL: Simulation has finished. There are no more test vectors to simulate.
run @600ns
# KERNEL: stopped at time: 600 ns
# KERNEL: Simulation has finished. There are no more test vectors to simulate.
run @800ns
# KERNEL: stopped at time: 800 ns
# KERNEL: Simulation has finished. There are no more test vectors to simulate.
run @1us
# KERNEL: stopped at time: 1 us
# KERNEL: Simulation has finished. There are no more test vectors to simulate.
run @1.2us
# KERNEL: stopped at time: 1200 ns
# KERNEL: Simulation has finished. There are no more test vectors to simulate.
run @1.4us
# KERNEL: stopped at time: 1400 ns
# KERNEL: Simulation has finished. There are no more test vectors to simulate.
restart
# ELBREAD: Elaboration process.
# ELBREAD: Elaboration time 0.0 [s].
# KERNEL: Main thread initiated.
# KERNEL: Kernel process initialization phase.
# KERNEL: Time resolution set to 1ps.
# ELAB2: Elaboration final pass...
# ELAB2: Create instances ...
# ELAB2: Create instances complete.
# ELAB2: Elaboration final pass complete - time: 0.0 [s].
# KERNEL: Kernel process initialization done.
# Allocation: Simulator allocated 1573 kB (elbread=1071 elab2=425 kernel=77 sdf=0)
# 12:52 p. m., jueves, 9 de enero de 2025
# Simulation has been initialized
# Selected Top-Level: ls (ls)
run @200ns
# : WARNING: CONV_INTEGER: There is an 'U'|'X'|'W'|'Z'|'-' in an arithmetic operand, and it has been converted to 0.
# : Time: 0 ps,  Iteration: 0,  Instance: /U2.
# : WARNING: CONV_INTEGER: There is an 'U'|'X'|'W'|'Z'|'-' in an arithmetic operand, and it has been converted to 0.
# : Time: 0 ps,  Iteration: 0,  Instance: /U2.
# : WARNING: CONV_INTEGER: There is an 'U'|'X'|'W'|'Z'|'-' in an arithmetic operand, and it has been converted to 0.
# : Time: 0 ps,  Iteration: 0,  Instance: /U2.
# : WARNING: CONV_INTEGER: There is an 'U'|'X'|'W'|'Z'|'-' in an arithmetic operand, and it has been converted to 0.
# : Time: 0 ps,  Iteration: 0,  Instance: /U2.
# : WARNING: CONV_INTEGER: There is an 'U'|'X'|'W'|'Z'|'-' in an arithmetic operand, and it has been converted to 0.
# : Time: 0 ps,  Iteration: 0,  Instance: /U2.
# : WARNING: CONV_INTEGER: There is an 'U'|'X'|'W'|'Z'|'-' in an arithmetic operand, and it has been converted to 0.
# : Time: 0 ps,  Iteration: 0,  Instance: /U2.
# : WARNING: CONV_INTEGER: There is an 'U'|'X'|'W'|'Z'|'-' in an arithmetic operand, and it has been converted to 0.
# : Time: 0 ps,  Iteration: 0,  Instance: /U4.
# : WARNING: CONV_INTEGER: There is an 'U'|'X'|'W'|'Z'|'-' in an arithmetic operand, and it has been converted to 0.
# : Time: 0 ps,  Iteration: 0,  Instance: /U4.
# : WARNING: CONV_INTEGER: There is an 'U'|'X'|'W'|'Z'|'-' in an arithmetic operand, and it has been converted to 0.
# : Time: 0 ps,  Iteration: 0,  Instance: /U4.
# : WARNING: CONV_INTEGER: There is an 'U'|'X'|'W'|'Z'|'-' in an arithmetic operand, and it has been converted to 0.
# : Time: 0 ps,  Iteration: 0,  Instance: /U4.
# : WARNING: CONV_INTEGER: There is an 'U'|'X'|'W'|'Z'|'-' in an arithmetic operand, and it has been converted to 0.
# : Time: 0 ps,  Iteration: 0,  Instance: /U4.
# : WARNING: CONV_INTEGER: There is an 'U'|'X'|'W'|'Z'|'-' in an arithmetic operand, and it has been converted to 0.
# : Time: 0 ps,  Iteration: 0,  Instance: /U4.
# : WARNING: CONV_INTEGER: There is an 'U'|'X'|'W'|'Z'|'-' in an arithmetic operand, and it has been converted to 0.
# : Time: 0 ps,  Iteration: 0,  Instance: /U4.
# : WARNING: CONV_INTEGER: There is an 'U'|'X'|'W'|'Z'|'-' in an arithmetic operand, and it has been converted to 0.
# : Time: 0 ps,  Iteration: 0,  Instance: /U4.
# : WARNING: CONV_INTEGER: There is an 'U'|'X'|'W'|'Z'|'-' in an arithmetic operand, and it has been converted to 0.
# : Time: 0 ps,  Iteration: 0,  Instance: /U4.
# : WARNING: CONV_INTEGER: There is an 'U'|'X'|'W'|'Z'|'-' in an arithmetic operand, and it has been converted to 0.
# : Time: 0 ps,  Iteration: 0,  Instance: /U4.
# KERNEL: stopped at time: 200 ns
# KERNEL: Simulation has finished. There are no more test vectors to simulate.
run @400ns
# KERNEL: stopped at time: 400 ns
# KERNEL: Simulation has finished. There are no more test vectors to simulate.
run @600ns
# KERNEL: stopped at time: 600 ns
# KERNEL: Simulation has finished. There are no more test vectors to simulate.
run @800ns
# KERNEL: stopped at time: 800 ns
# KERNEL: Simulation has finished. There are no more test vectors to simulate.
run @1us
# KERNEL: stopped at time: 1 us
# KERNEL: Simulation has finished. There are no more test vectors to simulate.
run @1.2us
# KERNEL: stopped at time: 1200 ns
# KERNEL: Simulation has finished. There are no more test vectors to simulate.
run @1.4us
# KERNEL: stopped at time: 1400 ns
# KERNEL: Simulation has finished. There are no more test vectors to simulate.
run @1.6us
# KERNEL: stopped at time: 1600 ns
# KERNEL: Simulation has finished. There are no more test vectors to simulate.
run @1.8us
# KERNEL: stopped at time: 1800 ns
# KERNEL: Simulation has finished. There are no more test vectors to simulate.
run @2us
# KERNEL: stopped at time: 2 us
# KERNEL: Simulation has finished. There are no more test vectors to simulate.
run @2.2us
# KERNEL: stopped at time: 2200 ns
# KERNEL: Simulation has finished. There are no more test vectors to simulate.
run @2.4us
# KERNEL: stopped at time: 2400 ns
# KERNEL: Simulation has finished. There are no more test vectors to simulate.
# Simulation has been stopped
