acom $DSN/src/mux_b_neg.vhd
# Compile...
# File: c:\Users\Mario\Documents\arquitectura_computadoras\banco_B\Sabado_b\src\mux_b_neg.vhd
# Compile Entity "mux_b_neg"
# Compile Architecture "behavior" of Entity "mux_b_neg"
# Error: COMP96_0143: mux_b_neg.vhd : (19, 13): Object "salto" may not be written
# Error: COMP96_0143: mux_b_neg.vhd : (21, 13): Object "salto" may not be written
# Compile failure 2 Errors 0 Warnings  Analysis time :  0.2 [s]
acom $DSN/src/mux_b_neg.vhd
# Compile...
# File: c:\Users\Mario\Documents\arquitectura_computadoras\banco_B\Sabado_b\src\mux_b_neg.vhd
# Compile Entity "mux_b_neg"
# Compile Architecture "behavior" of Entity "mux_b_neg"
# Compile success 0 Errors 0 Warnings  Analysis time :  0.5 [s]
acom $DSN/src/mux_sumaB.vhd
# Compile...
# File: c:\Users\Mario\Documents\arquitectura_computadoras\banco_B\Sabado_b\src\mux_sumaB.vhd
# Compile Entity "mux_suma"
# Compile Architecture "behavior" of Entity "mux_suma"
# Compile success 0 Errors 0 Warnings  Analysis time :  0.1 [s]
acom $DSN/src/unidad_de_control.vhd
# Compile...
# File: c:\Users\Mario\Documents\arquitectura_computadoras\banco_B\Sabado_b\src\unidad_de_control.vhd
# Compile Entity "unidad_de_control"
# Error: COMP96_0015: unidad_de_control.vhd : (16, 3): ';' expected.
# Error: COMP96_0018: unidad_de_control.vhd : (18, 5): Identifier expected.
# Compile Architecture "behavior" of Entity "unidad_de_control"
# Error: COMP96_0078: unidad_de_control.vhd : (89, 2): Unknown identifier "br_neg".
# Error: COMP96_0133: unidad_de_control.vhd : (89, 2): Cannot find object declaration.
# Error: COMP96_0078: unidad_de_control.vhd : (91, 2): Unknown identifier "branch".
# Error: COMP96_0133: unidad_de_control.vhd : (91, 2): Cannot find object declaration.
# Compile failure 6 Errors 0 Warnings  Analysis time :  0.0 [s]
acom $DSN/src/unidad_de_control.vhd
# Compile...
# File: c:\Users\Mario\Documents\arquitectura_computadoras\banco_B\Sabado_b\src\unidad_de_control.vhd
# Compile Entity "unidad_de_control"
# Compile Architecture "behavior" of Entity "unidad_de_control"
# Compile success 0 Errors 0 Warnings  Analysis time :  0.1 [s]
acom $DSN/src/ALU.vhd
# Compile...
# File: c:\Users\Mario\Documents\arquitectura_computadoras\banco_B\Sabado_b\src\ALU.vhd
# Compile Entity "ALU"
# Entity `ALU' has been skipped - no difference detected.
# Compile Architecture "behavior" of Entity "ALU"
# Error: COMP96_0301: ALU.vhd : (28, 9): The choice OTHERS must be present when all alternatives are not covered.
# Compile failure 1 Errors 0 Warnings  Analysis time :  0.1 [s]
acom $DSN/src/ALU.vhd
# Compile...
# File: c:\Users\Mario\Documents\arquitectura_computadoras\banco_B\Sabado_b\src\ALU.vhd
# Compile Entity "ALU"
# Entity `ALU' has been skipped - no difference detected.
# Compile Architecture "behavior" of Entity "ALU"
# Compile success 0 Errors 0 Warnings  Analysis time :  0.2 [s]
acom $DSN/src/ALU.vhd
# Compile...
# File: c:\Users\Mario\Documents\arquitectura_computadoras\banco_B\Sabado_b\src\ALU.vhd
# Compile Entity "ALU"
# Entity `ALU' has been skipped - no difference detected.
# Compile Architecture "behavior" of Entity "ALU"
# Compile success 0 Errors 0 Warnings  Analysis time :  0.1 [s]
