acom $DSN/src/memoria_de_datos.vhd
# Compile...
# File: c:\My_Designs\bancoregistrosv4\bancoLS2\src\memoria_de_datos.vhd
# Compile Entity "Memoria_de_Datos"
# Compile Architecture "Behavioral" of Entity "Memoria_de_Datos"
acom $DSN/src/top_prueba.bde
# Compile...
# DRC: Checking file 'c:\My_Designs\bancoregistrosv4\bancoLS2\src\top_prueba.bde'.
# DRC: Warning: top_prueba.bde - 0 error(s), 7 warning(s)
# DRC: The results have been written to the log file. Double click on this line to view the log.
# Generating c:\My_Designs\bancoregistrosv4\bancoLS2\compile\top_prueba.vhd from c:\My_Designs\bancoregistrosv4\bancoLS2\src\top_prueba.bde ...
# Generation successful
# File: .\top_prueba.vhd
# Compile Entity "top_prueba"
# Entity `top_prueba' has been skipped - no difference detected.
# Compile Architecture "top_prueba" of Entity "top_prueba"
acom $DSN/src/ls.bde
# Compile...
# DRC: Checking file 'c:\My_Designs\bancoregistrosv4\bancoLS2\src\ls.bde'.
# DRC: Warning: ls.bde - 0 error(s), 5 warning(s)
# DRC: The results have been written to the log file. Double click on this line to view the log.
# Generating c:\My_Designs\bancoregistrosv4\bancoLS2\compile\ls.vhd from c:\My_Designs\bancoregistrosv4\bancoLS2\src\ls.bde ...
# Generation successful
# File: .\ls.vhd
# Compile Entity "ls"
# Entity `ls' has been skipped - no difference detected.
# Compile Architecture "ls" of Entity "ls"
# ELBREAD: Elaboration process.
# ELBREAD: Elaboration time 0.1 [s].
asim -advdataflow  -retry 3  ls ls
# ELBREAD: Elaboration process.
# ELBREAD: Elaboration time 0.0 [s].
# asim: Stack memory: 32MB
# asim: Retval memory: 32MB
# KERNEL: Main thread initiated.
# KERNEL: Kernel process initialization phase.
# KERNEL: Time resolution set to 1ps.
# ELAB2: Elaboration final pass...
# ELAB2: Create instances ...
# ELAB2: Create instances complete.
# ELAB2: Elaboration final pass complete - time: 0.2 [s].
# KERNEL: Kernel process initialization done.
# Allocation: Simulator allocated 1573 kB (elbread=1071 elab2=425 kernel=77 sdf=0)
# 6:27 p.m., sábado, 14 de diciembre de 2024
# Simulation has been initialized
# Selected Top-Level: ls (ls)
run @100ns
# : WARNING: CONV_INTEGER: There is an 'U'|'X'|'W'|'Z'|'-' in an arithmetic operand, and it has been converted to 0.
# : Time: 0 ps,  Iteration: 0,  Instance: /U10.
# : WARNING: CONV_INTEGER: There is an 'U'|'X'|'W'|'Z'|'-' in an arithmetic operand, and it has been converted to 0.
# : Time: 0 ps,  Iteration: 0,  Instance: /U10.
# : WARNING: CONV_INTEGER: There is an 'U'|'X'|'W'|'Z'|'-' in an arithmetic operand, and it has been converted to 0.
# : Time: 0 ps,  Iteration: 0,  Instance: /U10.
# : WARNING: CONV_INTEGER: There is an 'U'|'X'|'W'|'Z'|'-' in an arithmetic operand, and it has been converted to 0.
# : Time: 0 ps,  Iteration: 0,  Instance: /U10.
# : WARNING: CONV_INTEGER: There is an 'U'|'X'|'W'|'Z'|'-' in an arithmetic operand, and it has been converted to 0.
# : Time: 0 ps,  Iteration: 0,  Instance: /U10.
# : WARNING: CONV_INTEGER: There is an 'U'|'X'|'W'|'Z'|'-' in an arithmetic operand, and it has been converted to 0.
# : Time: 0 ps,  Iteration: 0,  Instance: /U10.
# : WARNING: CONV_INTEGER: There is an 'U'|'X'|'W'|'Z'|'-' in an arithmetic operand, and it has been converted to 0.
# : Time: 0 ps,  Iteration: 0,  Instance: /U10.
# : WARNING: CONV_INTEGER: There is an 'U'|'X'|'W'|'Z'|'-' in an arithmetic operand, and it has been converted to 0.
# : Time: 0 ps,  Iteration: 0,  Instance: /U10.
# : WARNING: CONV_INTEGER: There is an 'U'|'X'|'W'|'Z'|'-' in an arithmetic operand, and it has been converted to 0.
# : Time: 0 ps,  Iteration: 0,  Instance: /U10.
# : WARNING: CONV_INTEGER: There is an 'U'|'X'|'W'|'Z'|'-' in an arithmetic operand, and it has been converted to 0.
# : Time: 0 ps,  Iteration: 0,  Instance: /U10.
# : WARNING: CONV_INTEGER: There is an 'U'|'X'|'W'|'Z'|'-' in an arithmetic operand, and it has been converted to 0.
# : Time: 0 ps,  Iteration: 0,  Instance: /U8.
# : WARNING: CONV_INTEGER: There is an 'U'|'X'|'W'|'Z'|'-' in an arithmetic operand, and it has been converted to 0.
# : Time: 0 ps,  Iteration: 0,  Instance: /U8.
# : WARNING: CONV_INTEGER: There is an 'U'|'X'|'W'|'Z'|'-' in an arithmetic operand, and it has been converted to 0.
# : Time: 0 ps,  Iteration: 0,  Instance: /U8.
# : WARNING: CONV_INTEGER: There is an 'U'|'X'|'W'|'Z'|'-' in an arithmetic operand, and it has been converted to 0.
# : Time: 0 ps,  Iteration: 0,  Instance: /U8.
# : WARNING: CONV_INTEGER: There is an 'U'|'X'|'W'|'Z'|'-' in an arithmetic operand, and it has been converted to 0.
# : Time: 0 ps,  Iteration: 0,  Instance: /U8.
# : WARNING: CONV_INTEGER: There is an 'U'|'X'|'W'|'Z'|'-' in an arithmetic operand, and it has been converted to 0.
# : Time: 0 ps,  Iteration: 0,  Instance: /U8.
# KERNEL: stopped at time: 100 ns
# KERNEL: Simulation has finished. There are no more test vectors to simulate.
restart
# ELBREAD: Elaboration process.
# ELBREAD: Elaboration time 0.0 [s].
# KERNEL: Main thread initiated.
# KERNEL: Kernel process initialization phase.
# KERNEL: Time resolution set to 1ps.
# ELAB2: Elaboration final pass...
# ELAB2: Create instances ...
# ELAB2: Create instances complete.
# ELAB2: Elaboration final pass complete - time: 0.0 [s].
# KERNEL: Kernel process initialization done.
# Allocation: Simulator allocated 1573 kB (elbread=1071 elab2=425 kernel=77 sdf=0)
# 6:28 p.m., sábado, 14 de diciembre de 2024
# Simulation has been initialized
# Selected Top-Level: ls (ls)
restart
# ELBREAD: Elaboration process.
# ELBREAD: Elaboration time 0.0 [s].
# KERNEL: Main thread initiated.
# KERNEL: Kernel process initialization phase.
# KERNEL: Time resolution set to 1ps.
# ELAB2: Elaboration final pass...
# ELAB2: Create instances ...
# ELAB2: Create instances complete.
# ELAB2: Elaboration final pass complete - time: 0.0 [s].
# KERNEL: Kernel process initialization done.
# Allocation: Simulator allocated 1573 kB (elbread=1071 elab2=425 kernel=77 sdf=0)
# 6:28 p.m., sábado, 14 de diciembre de 2024
# Simulation has been initialized
# Selected Top-Level: ls (ls)
run @100ns
# : WARNING: CONV_INTEGER: There is an 'U'|'X'|'W'|'Z'|'-' in an arithmetic operand, and it has been converted to 0.
# : Time: 0 ps,  Iteration: 0,  Instance: /U10.
# : WARNING: CONV_INTEGER: There is an 'U'|'X'|'W'|'Z'|'-' in an arithmetic operand, and it has been converted to 0.
# : Time: 0 ps,  Iteration: 0,  Instance: /U10.
# : WARNING: CONV_INTEGER: There is an 'U'|'X'|'W'|'Z'|'-' in an arithmetic operand, and it has been converted to 0.
# : Time: 0 ps,  Iteration: 0,  Instance: /U10.
# : WARNING: CONV_INTEGER: There is an 'U'|'X'|'W'|'Z'|'-' in an arithmetic operand, and it has been converted to 0.
# : Time: 0 ps,  Iteration: 0,  Instance: /U10.
# : WARNING: CONV_INTEGER: There is an 'U'|'X'|'W'|'Z'|'-' in an arithmetic operand, and it has been converted to 0.
# : Time: 0 ps,  Iteration: 0,  Instance: /U10.
# : WARNING: CONV_INTEGER: There is an 'U'|'X'|'W'|'Z'|'-' in an arithmetic operand, and it has been converted to 0.
# : Time: 0 ps,  Iteration: 0,  Instance: /U10.
# : WARNING: CONV_INTEGER: There is an 'U'|'X'|'W'|'Z'|'-' in an arithmetic operand, and it has been converted to 0.
# : Time: 0 ps,  Iteration: 0,  Instance: /U10.
# : WARNING: CONV_INTEGER: There is an 'U'|'X'|'W'|'Z'|'-' in an arithmetic operand, and it has been converted to 0.
# : Time: 0 ps,  Iteration: 0,  Instance: /U10.
# : WARNING: CONV_INTEGER: There is an 'U'|'X'|'W'|'Z'|'-' in an arithmetic operand, and it has been converted to 0.
# : Time: 0 ps,  Iteration: 0,  Instance: /U10.
# : WARNING: CONV_INTEGER: There is an 'U'|'X'|'W'|'Z'|'-' in an arithmetic operand, and it has been converted to 0.
# : Time: 0 ps,  Iteration: 0,  Instance: /U10.
# : WARNING: CONV_INTEGER: There is an 'U'|'X'|'W'|'Z'|'-' in an arithmetic operand, and it has been converted to 0.
# : Time: 0 ps,  Iteration: 0,  Instance: /U8.
# : WARNING: CONV_INTEGER: There is an 'U'|'X'|'W'|'Z'|'-' in an arithmetic operand, and it has been converted to 0.
# : Time: 0 ps,  Iteration: 0,  Instance: /U8.
# : WARNING: CONV_INTEGER: There is an 'U'|'X'|'W'|'Z'|'-' in an arithmetic operand, and it has been converted to 0.
# : T